<?xml version="1.0" encoding="UTF-8"?>
<!-- Generated by org.testng.reporters.JUnitXMLReporter -->
<testsuite ignored="2" hostname="DESKTOP-DKKTGL1" failures="0" tests="0" time="0.045" errors="0" timestamp="2023-02-08T14:59:35 IST">
  <testcase classname="absolvetechbyrohit.tests.ErrorValiations" name="LoginErrorValidation" time="0.0">
    <ignored/>
  </testcase> <!-- LoginErrorValidation -->
  <testcase classname="absolvetechbyrohit.tests.ErrorValiations" name="ProductErrorValidation" time="0.0">
    <ignored/>
  </testcase> <!-- ProductErrorValidation -->
</testsuite>
